[debug] [2020-06-22T14:11:28.959Z] ----------------------------------------------------------------------
[debug] [2020-06-22T14:11:28.963Z] Command:       /home/lizzy/.nvm/versions/node/v13.12.0/bin/node /home/lizzy/.nvm/versions/node/v13.12.0/bin/firebase deploy
[debug] [2020-06-22T14:11:28.964Z] CLI Version:   8.4.3
[debug] [2020-06-22T14:11:28.964Z] Platform:      linux
[debug] [2020-06-22T14:11:28.964Z] Node Version:  v13.12.0
[debug] [2020-06-22T14:11:28.965Z] Time:          Mon Jun 22 2020 15:11:28 GMT+0100 (British Summer Time)
[debug] [2020-06-22T14:11:28.966Z] ----------------------------------------------------------------------
[debug] [2020-06-22T14:11:28.966Z] 
[debug] [2020-06-22T14:11:28.974Z] > command requires scopes: ["email","openid","https://www.googleapis.com/auth/cloudplatformprojects.readonly","https://www.googleapis.com/auth/firebase","https://www.googleapis.com/auth/cloud-platform"]
[debug] [2020-06-22T14:11:28.974Z] > authorizing via signed-in user
[debug] [2020-06-22T14:11:28.975Z] [iam] checking project fir-hackathon-liz-vat for permissions ["cloudfunctions.functions.create","cloudfunctions.functions.delete","cloudfunctions.functions.get","cloudfunctions.functions.list","cloudfunctions.functions.update","cloudfunctions.operations.get","datastore.indexes.create","datastore.indexes.delete","datastore.indexes.list","datastore.indexes.update","firebase.projects.get","firebasehosting.sites.update"]
[debug] [2020-06-22T14:11:28.977Z] > refreshing access token with scopes: ["email","https://www.googleapis.com/auth/cloud-platform","https://www.googleapis.com/auth/cloudplatformprojects.readonly","https://www.googleapis.com/auth/firebase","openid"]
[debug] [2020-06-22T14:11:28.977Z] >>> HTTP REQUEST POST https://www.googleapis.com/oauth2/v3/token  
 <request body omitted>
[debug] [2020-06-22T14:11:29.176Z] <<< HTTP RESPONSE 200 {"content-type":"application/json; charset=utf-8","vary":"X-Origin, Referer, Origin,Accept-Encoding","date":"Mon, 22 Jun 2020 14:11:29 GMT","server":"scaffolding on HTTPServer2","cache-control":"private","x-xss-protection":"0","x-frame-options":"SAMEORIGIN","x-content-type-options":"nosniff","alt-svc":"h3-28=\":443\"; ma=2592000,h3-27=\":443\"; ma=2592000,h3-25=\":443\"; ma=2592000,h3-T050=\":443\"; ma=2592000,h3-Q050=\":443\"; ma=2592000,h3-Q049=\":443\"; ma=2592000,h3-Q048=\":443\"; ma=2592000,h3-Q046=\":443\"; ma=2592000,h3-Q043=\":443\"; ma=2592000,quic=\":443\"; ma=2592000; v=\"46,43\"","accept-ranges":"none","transfer-encoding":"chunked"}
[debug] [2020-06-22T14:11:29.216Z] >>> HTTP REQUEST POST https://cloudresourcemanager.googleapis.com/v1/projects/fir-hackathon-liz-vat:testIamPermissions  
 {"permissions":["cloudfunctions.functions.create","cloudfunctions.functions.delete","cloudfunctions.functions.get","cloudfunctions.functions.list","cloudfunctions.functions.update","cloudfunctions.operations.get","datastore.indexes.create","datastore.indexes.delete","datastore.indexes.list","datastore.indexes.update","firebase.projects.get","firebasehosting.sites.update"]}
[debug] [2020-06-22T14:11:29.901Z] <<< HTTP RESPONSE 200 {"content-type":"application/json; charset=UTF-8","vary":"X-Origin, Referer, Origin,Accept-Encoding","date":"Mon, 22 Jun 2020 14:11:29 GMT","server":"ESF","cache-control":"private","x-xss-protection":"0","x-frame-options":"SAMEORIGIN","x-content-type-options":"nosniff","server-timing":"gfet4t7; dur=558","alt-svc":"h3-28=\":443\"; ma=2592000,h3-27=\":443\"; ma=2592000,h3-25=\":443\"; ma=2592000,h3-T050=\":443\"; ma=2592000,h3-Q050=\":443\"; ma=2592000,h3-Q049=\":443\"; ma=2592000,h3-Q048=\":443\"; ma=2592000,h3-Q046=\":443\"; ma=2592000,h3-Q043=\":443\"; ma=2592000,quic=\":443\"; ma=2592000; v=\"46,43\"","accept-ranges":"none","transfer-encoding":"chunked"}
[debug] [2020-06-22T14:11:29.903Z] >>> HTTP REQUEST POST https://iam.googleapis.com/v1/projects/fir-hackathon-liz-vat/serviceAccounts/fir-hackathon-liz-vat@appspot.gserviceaccount.com:testIamPermissions  
 {"permissions":["iam.serviceAccounts.actAs"]}
[debug] [2020-06-22T14:11:30.532Z] <<< HTTP RESPONSE 200 {"content-type":"application/json; charset=UTF-8","vary":"X-Origin, Referer, Origin,Accept-Encoding","date":"Mon, 22 Jun 2020 14:11:30 GMT","server":"ESF","cache-control":"private","x-xss-protection":"0","x-frame-options":"SAMEORIGIN","x-content-type-options":"nosniff","alt-svc":"h3-28=\":443\"; ma=2592000,h3-27=\":443\"; ma=2592000,h3-25=\":443\"; ma=2592000,h3-T050=\":443\"; ma=2592000,h3-Q050=\":443\"; ma=2592000,h3-Q049=\":443\"; ma=2592000,h3-Q048=\":443\"; ma=2592000,h3-Q046=\":443\"; ma=2592000,h3-Q043=\":443\"; ma=2592000,quic=\":443\"; ma=2592000; v=\"46,43\"","accept-ranges":"none","transfer-encoding":"chunked"}
[debug] [2020-06-22T14:11:30.536Z] >>> HTTP REQUEST GET https://firebase.googleapis.com/v1beta1/projects/fir-hackathon-liz-vat  
 
[debug] [2020-06-22T14:11:35.971Z] ----------------------------------------------------------------------
[debug] [2020-06-22T14:11:35.975Z] Command:       /home/lizzy/.nvm/versions/node/v13.12.0/bin/node /home/lizzy/.nvm/versions/node/v13.12.0/bin/firebase serve
[debug] [2020-06-22T14:11:35.976Z] CLI Version:   8.4.3
[debug] [2020-06-22T14:11:35.977Z] Platform:      linux
[debug] [2020-06-22T14:11:35.977Z] Node Version:  v13.12.0
[debug] [2020-06-22T14:11:35.978Z] Time:          Mon Jun 22 2020 15:11:35 GMT+0100 (British Summer Time)
[debug] [2020-06-22T14:11:35.978Z] ----------------------------------------------------------------------
[debug] [2020-06-22T14:11:35.978Z] 
[debug] [2020-06-22T14:11:35.990Z] > command requires scopes: ["email","openid","https://www.googleapis.com/auth/cloudplatformprojects.readonly","https://www.googleapis.com/auth/firebase","https://www.googleapis.com/auth/cloud-platform"]
[debug] [2020-06-22T14:11:35.991Z] > authorizing via signed-in user
[debug] [2020-06-22T14:11:35.991Z] [iam] checking project fir-hackathon-liz-vat for permissions ["firebase.projects.get"]
[debug] [2020-06-22T14:11:35.994Z] >>> HTTP REQUEST POST https://cloudresourcemanager.googleapis.com/v1/projects/fir-hackathon-liz-vat:testIamPermissions  
 {"permissions":["firebase.projects.get"]}
[debug] [2020-06-22T14:11:36.617Z] <<< HTTP RESPONSE 200 {"content-type":"application/json; charset=UTF-8","vary":"X-Origin, Referer, Origin,Accept-Encoding","date":"Mon, 22 Jun 2020 14:11:36 GMT","server":"ESF","cache-control":"private","x-xss-protection":"0","x-frame-options":"SAMEORIGIN","x-content-type-options":"nosniff","server-timing":"gfet4t7; dur=554","alt-svc":"h3-28=\":443\"; ma=2592000,h3-27=\":443\"; ma=2592000,h3-25=\":443\"; ma=2592000,h3-T050=\":443\"; ma=2592000,h3-Q050=\":443\"; ma=2592000,h3-Q049=\":443\"; ma=2592000,h3-Q048=\":443\"; ma=2592000,h3-Q046=\":443\"; ma=2592000,h3-Q043=\":443\"; ma=2592000,quic=\":443\"; ma=2592000; v=\"46,43\"","accept-ranges":"none","transfer-encoding":"chunked"}
[debug] [2020-06-22T14:11:36.619Z] >>> HTTP REQUEST GET https://firebase.googleapis.com/v1beta1/projects/fir-hackathon-liz-vat  
 
[debug] [2020-06-22T14:11:36.805Z] <<< HTTP RESPONSE 200 {"content-type":"application/json; charset=UTF-8","vary":"X-Origin, Referer, Origin,Accept-Encoding","date":"Mon, 22 Jun 2020 14:11:36 GMT","server":"ESF","cache-control":"private","x-xss-protection":"0","x-frame-options":"SAMEORIGIN","x-content-type-options":"nosniff","alt-svc":"h3-28=\":443\"; ma=2592000,h3-27=\":443\"; ma=2592000,h3-25=\":443\"; ma=2592000,h3-T050=\":443\"; ma=2592000,h3-Q050=\":443\"; ma=2592000,h3-Q049=\":443\"; ma=2592000,h3-Q048=\":443\"; ma=2592000,h3-Q046=\":443\"; ma=2592000,h3-Q043=\":443\"; ma=2592000,quic=\":443\"; ma=2592000; v=\"46,43\"","accept-ranges":"none","transfer-encoding":"chunked"}
[info] 
[info] === Serving from '/home/lizzy/Documents/FAC-projects/firebase-liz-vat'...
[info] 
[debug] [2020-06-22T14:11:36.814Z] >>> HTTP REQUEST GET https://firebase.googleapis.com/v1beta1/projects/fir-hackathon-liz-vat/webApps/-/config  
 
[warn] ⚠  Your requested "node" version "8" doesn't match your global version "13" {"metadata":{"emulator":{"name":"functions"},"message":"Your requested \"node\" version \"8\" doesn't match your global version \"13\""}}
[debug] [2020-06-22T14:11:37.439Z] <<< HTTP RESPONSE 200 {"content-type":"application/json; charset=UTF-8","vary":"X-Origin, Referer, Origin,Accept-Encoding","date":"Mon, 22 Jun 2020 14:11:37 GMT","server":"ESF","cache-control":"private","x-xss-protection":"0","x-frame-options":"SAMEORIGIN","x-content-type-options":"nosniff","alt-svc":"h3-28=\":443\"; ma=2592000,h3-27=\":443\"; ma=2592000,h3-25=\":443\"; ma=2592000,h3-T050=\":443\"; ma=2592000,h3-Q050=\":443\"; ma=2592000,h3-Q049=\":443\"; ma=2592000,h3-Q048=\":443\"; ma=2592000,h3-Q046=\":443\"; ma=2592000,h3-Q043=\":443\"; ma=2592000,quic=\":443\"; ma=2592000; v=\"46,43\"","accept-ranges":"none","transfer-encoding":"chunked"}
[info] i  functions: Watching "/home/lizzy/Documents/FAC-projects/firebase-liz-vat/functions" for Cloud Functions... {"metadata":{"emulator":{"name":"functions"},"message":"Watching \"/home/lizzy/Documents/FAC-projects/firebase-liz-vat/functions\" for Cloud Functions..."}}
[debug] [2020-06-22T14:11:37.563Z] [worker-pool] addWorker(~diagnostic~) {"metadata":{"emulator":{"name":"functions"},"message":"[worker-pool] addWorker(~diagnostic~)"}}
[debug] [2020-06-22T14:11:37.568Z] [worker-pool] Adding worker with key ~diagnostic~, total=1 {"metadata":{"emulator":{"name":"functions"},"message":"[worker-pool] Adding worker with key ~diagnostic~, total=1"}}
[debug] [2020-06-22T14:11:37.569Z] [worker-pool] submitWork(triggerId=) {"metadata":{"emulator":{"name":"functions"},"message":"[worker-pool] submitWork(triggerId=)"}}
[debug] [2020-06-22T14:11:37.570Z] [worker-~diagnostic~-704ab8dd-e03a-46ef-99fa-682775d67433]: Assigning socketPath: /tmp/fire_emu_16745.sock {"metadata":{"emulator":{"name":"functions"},"message":"[worker-~diagnostic~-704ab8dd-e03a-46ef-99fa-682775d67433]: Assigning socketPath: /tmp/fire_emu_16745.sock"}}
[debug] [2020-06-22T14:11:37.571Z] [worker-~diagnostic~-704ab8dd-e03a-46ef-99fa-682775d67433]: BUSY {"metadata":{"emulator":{"name":"functions"},"message":"[worker-~diagnostic~-704ab8dd-e03a-46ef-99fa-682775d67433]: BUSY"}}
[info] i  hosting: Serving hosting files from: public {"metadata":{"emulator":{"name":"hosting"},"message":"Serving hosting files from: \u001b[1mpublic\u001b[22m"}}
[info] ✔  hosting: Local server: http://localhost:5000 {"metadata":{"emulator":{"name":"hosting"},"message":"Local server: \u001b[4m\u001b[1mhttp://localhost:5000\u001b[22m\u001b[24m"}}
[debug] [2020-06-22T14:11:37.997Z] [runtime-status] [16745] Functions runtime initialized. {"cwd":"/home/lizzy/Documents/FAC-projects/firebase-liz-vat/functions","node_version":"13.12.0"} {"metadata":{"emulator":{"name":"functions"},"message":"[runtime-status] [16745] Functions runtime initialized. {\"cwd\":\"/home/lizzy/Documents/FAC-projects/firebase-liz-vat/functions\",\"node_version\":\"13.12.0\"}"}}
[debug] [2020-06-22T14:11:37.999Z] [runtime-status] [16745] Disabled runtime features: undefined {"metadata":{"emulator":{"name":"functions"},"message":"[runtime-status] [16745] Disabled runtime features: undefined"}}
[debug] [2020-06-22T14:11:38.002Z] [runtime-status] [16745] Resolved module firebase-admin {"declared":true,"installed":true,"version":"8.12.1","resolution":"/home/lizzy/Documents/FAC-projects/firebase-liz-vat/functions/node_modules/firebase-admin/lib/index.js"} {"metadata":{"emulator":{"name":"functions"},"message":"[runtime-status] [16745] Resolved module firebase-admin {\"declared\":true,\"installed\":true,\"version\":\"8.12.1\",\"resolution\":\"/home/lizzy/Documents/FAC-projects/firebase-liz-vat/functions/node_modules/firebase-admin/lib/index.js\"}"}}
[debug] [2020-06-22T14:11:38.005Z] [runtime-status] [16745] Resolved module firebase-functions {"declared":true,"installed":true,"version":"3.7.0","resolution":"/home/lizzy/Documents/FAC-projects/firebase-liz-vat/functions/node_modules/firebase-functions/lib/index.js"} {"metadata":{"emulator":{"name":"functions"},"message":"[runtime-status] [16745] Resolved module firebase-functions {\"declared\":true,\"installed\":true,\"version\":\"3.7.0\",\"resolution\":\"/home/lizzy/Documents/FAC-projects/firebase-liz-vat/functions/node_modules/firebase-functions/lib/index.js\"}"}}
[debug] [2020-06-22T14:11:38.008Z] [runtime-status] [16745] Outgoing network have been stubbed. [{"name":"http","status":"mocked"},{"name":"http","status":"mocked"},{"name":"https","status":"mocked"},{"name":"https","status":"mocked"},{"name":"net","status":"mocked"}] {"metadata":{"emulator":{"name":"functions"},"message":"[runtime-status] [16745] Outgoing network have been stubbed. [{\"name\":\"http\",\"status\":\"mocked\"},{\"name\":\"http\",\"status\":\"mocked\"},{\"name\":\"https\",\"status\":\"mocked\"},{\"name\":\"https\",\"status\":\"mocked\"},{\"name\":\"net\",\"status\":\"mocked\"}]"}}
[debug] [2020-06-22T14:11:38.010Z] [runtime-status] [16745] Resolved module firebase-functions {"declared":true,"installed":true,"version":"3.7.0","resolution":"/home/lizzy/Documents/FAC-projects/firebase-liz-vat/functions/node_modules/firebase-functions/lib/index.js"} {"metadata":{"emulator":{"name":"functions"},"message":"[runtime-status] [16745] Resolved module firebase-functions {\"declared\":true,\"installed\":true,\"version\":\"3.7.0\",\"resolution\":\"/home/lizzy/Documents/FAC-projects/firebase-liz-vat/functions/node_modules/firebase-functions/lib/index.js\"}"}}
[debug] [2020-06-22T14:11:38.063Z] [runtime-status] [16745] Checked functions.config() {"config":{}} {"metadata":{"emulator":{"name":"functions"},"message":"[runtime-status] [16745] Checked functions.config() {\"config\":{}}"}}
[debug] [2020-06-22T14:11:38.064Z] [runtime-status] [16745] firebase-functions has been stubbed. {"functionsResolution":{"declared":true,"installed":true,"version":"3.7.0","resolution":"/home/lizzy/Documents/FAC-projects/firebase-liz-vat/functions/node_modules/firebase-functions/lib/index.js"}} {"metadata":{"emulator":{"name":"functions"},"message":"[runtime-status] [16745] firebase-functions has been stubbed. {\"functionsResolution\":{\"declared\":true,\"installed\":true,\"version\":\"3.7.0\",\"resolution\":\"/home/lizzy/Documents/FAC-projects/firebase-liz-vat/functions/node_modules/firebase-functions/lib/index.js\"}}"}}
[debug] [2020-06-22T14:11:38.065Z] [runtime-status] [16745] Resolved module firebase-functions {"declared":true,"installed":true,"version":"3.7.0","resolution":"/home/lizzy/Documents/FAC-projects/firebase-liz-vat/functions/node_modules/firebase-functions/lib/index.js"} {"metadata":{"emulator":{"name":"functions"},"message":"[runtime-status] [16745] Resolved module firebase-functions {\"declared\":true,\"installed\":true,\"version\":\"3.7.0\",\"resolution\":\"/home/lizzy/Documents/FAC-projects/firebase-liz-vat/functions/node_modules/firebase-functions/lib/index.js\"}"}}
[debug] [2020-06-22T14:11:38.066Z] [runtime-status] [16745] Resolved module firebase-admin {"declared":true,"installed":true,"version":"8.12.1","resolution":"/home/lizzy/Documents/FAC-projects/firebase-liz-vat/functions/node_modules/firebase-admin/lib/index.js"} {"metadata":{"emulator":{"name":"functions"},"message":"[runtime-status] [16745] Resolved module firebase-admin {\"declared\":true,\"installed\":true,\"version\":\"8.12.1\",\"resolution\":\"/home/lizzy/Documents/FAC-projects/firebase-liz-vat/functions/node_modules/firebase-admin/lib/index.js\"}"}}
[debug] [2020-06-22T14:11:38.067Z] [runtime-status] [16745] Resolved module firebase-functions {"declared":true,"installed":true,"version":"3.7.0","resolution":"/home/lizzy/Documents/FAC-projects/firebase-liz-vat/functions/node_modules/firebase-functions/lib/index.js"} {"metadata":{"emulator":{"name":"functions"},"message":"[runtime-status] [16745] Resolved module firebase-functions {\"declared\":true,\"installed\":true,\"version\":\"3.7.0\",\"resolution\":\"/home/lizzy/Documents/FAC-projects/firebase-liz-vat/functions/node_modules/firebase-functions/lib/index.js\"}"}}
[debug] [2020-06-22T14:11:38.068Z] [runtime-status] [16745] firebase-admin has been stubbed. {"adminResolution":{"declared":true,"installed":true,"version":"8.12.1","resolution":"/home/lizzy/Documents/FAC-projects/firebase-liz-vat/functions/node_modules/firebase-admin/lib/index.js"}} {"metadata":{"emulator":{"name":"functions"},"message":"[runtime-status] [16745] firebase-admin has been stubbed. {\"adminResolution\":{\"declared\":true,\"installed\":true,\"version\":\"8.12.1\",\"resolution\":\"/home/lizzy/Documents/FAC-projects/firebase-liz-vat/functions/node_modules/firebase-admin/lib/index.js\"}}"}}
[debug] [2020-06-22T14:11:38.070Z] [worker-~diagnostic~-704ab8dd-e03a-46ef-99fa-682775d67433]: IDLE {"metadata":{"emulator":{"name":"functions"},"message":"[worker-~diagnostic~-704ab8dd-e03a-46ef-99fa-682775d67433]: IDLE"}}
[info] i  hosting: 127.0.0.1 - - [22/Jun/2020:14:11:48 +0000] "GET / HTTP/1.1" 200 2212 "-" "Mozilla/5.0 (X11; Linux x86_64) AppleWebKit/537.36 (KHTML, like Gecko) Chrome/83.0.4103.97 Safari/537.36" {"metadata":{"emulator":{"name":"hosting"},"message":"127.0.0.1 - - [22/Jun/2020:14:11:48 +0000] \"GET / HTTP/1.1\" 200 2212 \"-\" \"Mozilla/5.0 (X11; Linux x86_64) AppleWebKit/537.36 (KHTML, like Gecko) Chrome/83.0.4103.97 Safari/537.36\""}}
